  GameApp.cpp
c:\dekstop\dev\europa\europa\src\europa\core.h(15): warning C4067: unexpected tokens following preprocessor directive - expected a newline
c:\dekstop\dev\europa\europa\src\europa\log.h(26): warning C4251: 'Eu::Log::s_CoreLogger': class 'std::shared_ptr<spdlog::logger>' needs to have dll-interface to be used by clients of class 'Eu::Log'
  c:\dekstop\dev\europa\europa\vendor\spdlog\include\spdlog\logger.h(163): note: see declaration of 'std::shared_ptr<spdlog::logger>'
c:\dekstop\dev\europa\europa\src\europa\log.h(27): warning C4251: 'Eu::Log::s_ClientLogger': class 'std::shared_ptr<spdlog::logger>' needs to have dll-interface to be used by clients of class 'Eu::Log'
  c:\dekstop\dev\europa\europa\vendor\spdlog\include\spdlog\logger.h(163): note: see declaration of 'std::shared_ptr<spdlog::logger>'
c:\dekstop\dev\europa\europa\src\europa\layer.h(21): warning C4251: 'Eu::Layer::m_DebugName': class 'std::basic_string<char,std::char_traits<char>,std::allocator<char>>' needs to have dll-interface to be used by clients of class 'Eu::Layer'
  c:\program files (x86)\microsoft visual studio\2017\community\vc\tools\msvc\14.16.27023\include\xstring(4373): note: see declaration of 'std::basic_string<char,std::char_traits<char>,std::allocator<char>>'
c:\dekstop\dev\europa\europa\src\europa\layerstack.h(24): warning C4251: 'Eu::LayerStack::m_Layers': class 'std::vector<Eu::Layer *,std::allocator<_Ty>>' needs to have dll-interface to be used by clients of class 'Eu::LayerStack'
          with
          [
              _Ty=Eu::Layer *
          ]
  c:\dekstop\dev\europa\europa\src\europa\layerstack.h(21): note: see declaration of 'std::vector<Eu::Layer *,std::allocator<_Ty>>'
          with
          [
              _Ty=Eu::Layer *
          ]
c:\dekstop\dev\europa\europa\src\europa\layerstack.h(25): warning C4251: 'Eu::LayerStack::m_LayerInsert': class 'std::_Vector_iterator<std::_Vector_val<std::_Simple_types<_Ty>>>' needs to have dll-interface to be used by clients of class 'Eu::LayerStack'
          with
          [
              _Ty=Eu::Layer *
          ]
  c:\program files (x86)\microsoft visual studio\2017\community\vc\tools\msvc\14.16.27023\include\vector(416): note: see declaration of 'std::_Vector_iterator<std::_Vector_val<std::_Simple_types<_Ty>>>'
          with
          [
              _Ty=Eu::Layer *
          ]
c:\dekstop\dev\europa\europa\src\europa\application.h(27): warning C4251: 'Eu::Application::m_Window': class 'std::unique_ptr<Eu::Window,std::default_delete<_Ty>>' needs to have dll-interface to be used by clients of class 'Eu::Application'
          with
          [
              _Ty=Eu::Window
          ]
  c:\dekstop\dev\europa\europa\src\europa\application.h(27): note: see declaration of 'std::unique_ptr<Eu::Window,std::default_delete<_Ty>>'
          with
          [
              _Ty=Eu::Window
          ]
LINK : fatal error LNK1104: cannot open file 'C:\Dekstop\Dev\Europa\bin\Debug-windows-x86_64\Europa\Europa.lib'
