c:\dekstop\dev\europa\bin-int\debug-windows-x86_64\europa\vc141.pdb
c:\dekstop\dev\europa\bin-int\debug-windows-x86_64\europa\vc141.idb
c:\dekstop\dev\europa\bin-int\debug-windows-x86_64\europa\windowswindowpolling.obj
c:\dekstop\dev\europa\bin-int\debug-windows-x86_64\europa\windowswindow.obj
c:\dekstop\dev\europa\bin-int\debug-windows-x86_64\europa\imguiopenglrenderer.obj
c:\dekstop\dev\europa\bin-int\debug-windows-x86_64\europa\imguilayer.obj
c:\dekstop\dev\europa\bin-int\debug-windows-x86_64\europa\onupdate.obj
c:\dekstop\dev\europa\bin-int\debug-windows-x86_64\europa\oneventdo.obj
c:\dekstop\dev\europa\bin-int\debug-windows-x86_64\europa\log.obj
c:\dekstop\dev\europa\bin-int\debug-windows-x86_64\europa\layerstack.obj
c:\dekstop\dev\europa\bin-int\debug-windows-x86_64\europa\layer.obj
c:\dekstop\dev\europa\bin-int\debug-windows-x86_64\europa\application.obj
c:\dekstop\dev\europa\bin-int\debug-windows-x86_64\europa\imguibuild.obj
c:\dekstop\dev\europa\bin\debug-windows-x86_64\europa\europa.lib
c:\dekstop\dev\europa\bin\debug-windows-x86_64\europa\europa.exp
c:\dekstop\dev\europa\bin\debug-windows-x86_64\europa\europa.ilk
c:\dekstop\dev\europa\bin\debug-windows-x86_64\europa\europa.dll
c:\dekstop\dev\europa\bin\debug-windows-x86_64\europa\europa.pdb
c:\dekstop\dev\europa\bin-int\debug-windows-x86_64\europa\europa.tlog\cl.command.1.tlog
c:\dekstop\dev\europa\bin-int\debug-windows-x86_64\europa\europa.tlog\cl.read.1.tlog
c:\dekstop\dev\europa\bin-int\debug-windows-x86_64\europa\europa.tlog\cl.write.1.tlog
c:\dekstop\dev\europa\bin-int\debug-windows-x86_64\europa\europa.tlog\europa.write.1u.tlog
c:\dekstop\dev\europa\bin-int\debug-windows-x86_64\europa\europa.tlog\link-cvtres.read.1.tlog
c:\dekstop\dev\europa\bin-int\debug-windows-x86_64\europa\europa.tlog\link-cvtres.write.1.tlog
c:\dekstop\dev\europa\bin-int\debug-windows-x86_64\europa\europa.tlog\link-rc.read.1.tlog
c:\dekstop\dev\europa\bin-int\debug-windows-x86_64\europa\europa.tlog\link-rc.write.1.tlog
c:\dekstop\dev\europa\bin-int\debug-windows-x86_64\europa\europa.tlog\link.1376-cvtres.read.1.tlog
c:\dekstop\dev\europa\bin-int\debug-windows-x86_64\europa\europa.tlog\link.1376-cvtres.write.1.tlog
c:\dekstop\dev\europa\bin-int\debug-windows-x86_64\europa\europa.tlog\link.1376-rc.read.1.tlog
c:\dekstop\dev\europa\bin-int\debug-windows-x86_64\europa\europa.tlog\link.1376-rc.write.1.tlog
c:\dekstop\dev\europa\bin-int\debug-windows-x86_64\europa\europa.tlog\link.1376.read.1.tlog
c:\dekstop\dev\europa\bin-int\debug-windows-x86_64\europa\europa.tlog\link.1376.write.1.tlog
c:\dekstop\dev\europa\bin-int\debug-windows-x86_64\europa\europa.tlog\link.command.1.tlog
c:\dekstop\dev\europa\bin-int\debug-windows-x86_64\europa\europa.tlog\link.delete.1.tlog
c:\dekstop\dev\europa\bin-int\debug-windows-x86_64\europa\europa.tlog\link.read.1.tlog
c:\dekstop\dev\europa\bin-int\debug-windows-x86_64\europa\europa.tlog\link.write.1.tlog
