  InputManager.cpp
  Application.cpp
C:\Users\Tom\OneDrive - Hogeschool West-Vlaanderen\Documenten\dev\DevBackup\Europa\Europa\src\Europa\Application.cpp(83,32): warning C4312: 'type cast': conversion from 'const uint32_t' to 'const void *' of greater size
C:\Users\Tom\OneDrive - Hogeschool West-Vlaanderen\Documenten\dev\DevBackup\Europa\Europa\src\Europa\Application.cpp(181,33): warning C4305: 'argument': truncation from 'double' to 'GLfloat'
C:\Program Files (x86)\Microsoft Visual Studio\2019\Enterprise\VC\Tools\MSVC\14.29.30133\include\memory(3416,56): warning C4244: 'argument': conversion from '_Ty' to 'float', possible loss of data
          with
          [
              _Ty=unsigned int
          ]
C:\Users\Tom\OneDrive - Hogeschool West-Vlaanderen\Documenten\dev\DevBackup\Europa\Europa\src\Europa\Application.cpp(45): message : see reference to function template instantiation 'std::unique_ptr<Eu::Camera,std::default_delete<Eu::Camera>> std::make_unique<Eu::Camera,glm::vec3,int,unsigned int,unsigned int,0>(glm::vec3 &&,int &&,unsigned int &&,unsigned int &&)' being compiled
C:\Program Files (x86)\Microsoft Visual Studio\2019\Enterprise\VC\Tools\MSVC\14.29.30133\include\memory(3416,56): warning C4244: 'argument': conversion from '_Ty' to 'float', possible loss of data
          with
          [
              _Ty=int
          ]
  Camera.cpp
  RenderCommand.cpp
C:\Users\Tom\OneDrive - Hogeschool West-Vlaanderen\Documenten\dev\DevBackup\Europa\Europa\src\Europa\Renderer\RenderCommand.cpp(5,28): error C2039: 's_RenderAPI': is not a member of 'Eu::RendererAPI'
C:\Users\Tom\OneDrive - Hogeschool West-Vlaanderen\Documenten\dev\DevBackup\Europa\Europa\src\Europa\Renderer\RendererAPI.h(7): message : see declaration of 'Eu::RendererAPI'
C:\Users\Tom\OneDrive - Hogeschool West-Vlaanderen\Documenten\dev\DevBackup\Europa\Europa\src\Europa\Renderer\RenderCommand.cpp(6,1): error C2143: syntax error: missing ';' before '}'
  Layer.cpp
  LayerStack.cpp
  Log.cpp
  OnEventDo.cpp
  OnUpdate.cpp
  Buffer.cpp
  Renderer.cpp
C:\Users\Tom\OneDrive - Hogeschool West-Vlaanderen\Documenten\dev\DevBackup\Europa\Europa\src\Europa\Renderer\Renderer.cpp(15,3): error C2065: 'Rendercommand': undeclared identifier
C:\Users\Tom\OneDrive - Hogeschool West-Vlaanderen\Documenten\dev\DevBackup\Europa\Europa\src\Europa\Renderer\Renderer.cpp(16,2): error C2143: syntax error: missing ';' before '}'
  RendererAPI.cpp
  Shader.cpp
  ImGuiBuild.cpp
  ImGuiLayer.cpp
  OpenGLBuffer.cpp
  OpenGLContext.cpp
  WindowsWindow.cpp
  WindowsWindowPolling.cpp
  Generating Code...
C:\Users\Tom\OneDrive - Hogeschool West-Vlaanderen\Documenten\dev\DevBackup\Europa\Europa\src\Europa\Application.cpp(32): warning C4715: 'Eu::ShaderDataTypeToOpenGLBaseType': not all control paths return a value
C:\Users\Tom\OneDrive - Hogeschool West-Vlaanderen\Documenten\dev\DevBackup\Europa\Europa\src\Europa\renderer\Buffer.h(63): warning C4715: 'Eu::BufferElement::GetComponentCount': not all control paths return a value
